mode: set
github.com/anurag-roy/bubbletable/main.go:22.13,84.36 2 0
github.com/anurag-roy/bubbletable/main.go:84.36,87.4 1 0
github.com/anurag-roy/bubbletable/main.go:88.47,91.12 2 0
github.com/anurag-roy/bubbletable/main.go:91.12,93.5 1 0
github.com/anurag-roy/bubbletable/main.go:94.4,94.66 1 0
github.com/anurag-roy/bubbletable/main.go:96.34,98.18 1 0
github.com/anurag-roy/bubbletable/main.go:98.18,100.5 1 0
github.com/anurag-roy/bubbletable/main.go:105.2,106.35 2 0
github.com/anurag-roy/bubbletable/main.go:106.35,108.3 1 0
github.com/anurag-roy/bubbletable/examples/custom_theme/main.go:23.13,53.61 2 0
github.com/anurag-roy/bubbletable/examples/custom_theme/main.go:53.61,55.5 1 0
github.com/anurag-roy/bubbletable/examples/custom_theme/main.go:69.61,71.19 2 0
github.com/anurag-roy/bubbletable/examples/custom_theme/main.go:71.19,73.6 1 0
github.com/anurag-roy/bubbletable/examples/custom_theme/main.go:73.11,73.26 1 0
github.com/anurag-roy/bubbletable/examples/custom_theme/main.go:73.26,75.6 1 0
github.com/anurag-roy/bubbletable/examples/custom_theme/main.go:76.5,76.40 1 0
github.com/anurag-roy/bubbletable/examples/custom_theme/main.go:86.2,87.29 2 0
github.com/anurag-roy/bubbletable/examples/custom_theme/main.go:87.29,96.3 1 0
github.com/anurag-roy/bubbletable/examples/custom_theme/main.go:99.2,105.36 1 0
github.com/anurag-roy/bubbletable/examples/custom_theme/main.go:105.36,108.4 1 0
github.com/anurag-roy/bubbletable/examples/custom_theme/main.go:109.47,111.12 2 0
github.com/anurag-roy/bubbletable/examples/custom_theme/main.go:111.12,113.5 1 0
github.com/anurag-roy/bubbletable/examples/custom_theme/main.go:114.4,114.68 1 0
github.com/anurag-roy/bubbletable/examples/custom_theme/main.go:116.34,117.18 1 0
github.com/anurag-roy/bubbletable/examples/custom_theme/main.go:117.18,119.5 1 0
github.com/anurag-roy/bubbletable/examples/custom_theme/main.go:123.2,124.35 2 0
github.com/anurag-roy/bubbletable/examples/custom_theme/main.go:124.35,126.3 1 0
github.com/anurag-roy/bubbletable/examples/basic/main.go:21.13,46.36 2 0
github.com/anurag-roy/bubbletable/examples/basic/main.go:46.37,49.4 0 0
github.com/anurag-roy/bubbletable/examples/basic/main.go:52.2,53.35 2 0
github.com/anurag-roy/bubbletable/examples/basic/main.go:53.35,55.3 1 0
github.com/anurag-roy/bubbletable/examples/headless/main.go:30.36,51.34 3 0
github.com/anurag-roy/bubbletable/examples/headless/main.go:51.34,52.18 1 0
github.com/anurag-roy/bubbletable/examples/headless/main.go:53.17,54.62 1 0
github.com/anurag-roy/bubbletable/examples/headless/main.go:54.62,56.19 2 0
github.com/anurag-roy/bubbletable/examples/headless/main.go:57.22,58.28 1 0
github.com/anurag-roy/bubbletable/examples/headless/main.go:59.24,60.29 1 0
github.com/anurag-roy/bubbletable/examples/headless/main.go:61.17,62.29 1 0
github.com/anurag-roy/bubbletable/examples/headless/main.go:63.13,64.19 1 0
github.com/anurag-roy/bubbletable/examples/headless/main.go:67.19,68.62 1 0
github.com/anurag-roy/bubbletable/examples/headless/main.go:68.62,70.21 2 0
github.com/anurag-roy/bubbletable/examples/headless/main.go:71.21,72.31 1 0
github.com/anurag-roy/bubbletable/examples/headless/main.go:73.17,74.31 1 0
github.com/anurag-roy/bubbletable/examples/headless/main.go:75.19,76.31 1 0
github.com/anurag-roy/bubbletable/examples/headless/main.go:77.16,78.31 1 0
github.com/anurag-roy/bubbletable/examples/headless/main.go:79.13,80.21 1 0
github.com/anurag-roy/bubbletable/examples/headless/main.go:83.20,84.67 1 0
github.com/anurag-roy/bubbletable/examples/headless/main.go:88.2,92.3 1 0
github.com/anurag-roy/bubbletable/examples/headless/main.go:95.38,97.2 1 0
github.com/anurag-roy/bubbletable/examples/headless/main.go:99.64,100.27 1 0
github.com/anurag-roy/bubbletable/examples/headless/main.go:101.18,102.23 1 0
github.com/anurag-roy/bubbletable/examples/headless/main.go:103.29,104.22 1 0
github.com/anurag-roy/bubbletable/examples/headless/main.go:105.18,106.25 1 0
github.com/anurag-roy/bubbletable/examples/headless/main.go:106.25,108.5 1 0
github.com/anurag-roy/bubbletable/examples/headless/main.go:109.20,111.39 2 0
github.com/anurag-roy/bubbletable/examples/headless/main.go:111.39,113.5 1 0
github.com/anurag-roy/bubbletable/examples/headless/main.go:114.20,115.25 1 0
github.com/anurag-roy/bubbletable/examples/headless/main.go:115.25,118.5 2 0
github.com/anurag-roy/bubbletable/examples/headless/main.go:119.21,120.49 1 0
github.com/anurag-roy/bubbletable/examples/headless/main.go:120.49,123.5 2 0
github.com/anurag-roy/bubbletable/examples/headless/main.go:124.37,127.39 2 0
github.com/anurag-roy/bubbletable/examples/headless/main.go:127.39,128.35 1 0
github.com/anurag-roy/bubbletable/examples/headless/main.go:128.35,129.27 1 0
github.com/anurag-roy/bubbletable/examples/headless/main.go:129.27,131.7 1 0
github.com/anurag-roy/bubbletable/examples/headless/main.go:131.12,133.7 1 0
github.com/anurag-roy/bubbletable/examples/headless/main.go:134.11,136.6 1 0
github.com/anurag-roy/bubbletable/examples/headless/main.go:137.5,138.22 2 0
github.com/anurag-roy/bubbletable/examples/headless/main.go:142.2,142.15 1 0
github.com/anurag-roy/bubbletable/examples/headless/main.go:145.37,161.38 6 0
github.com/anurag-roy/bubbletable/examples/headless/main.go:161.38,163.26 2 0
github.com/anurag-roy/bubbletable/examples/headless/main.go:163.26,164.24 1 0
github.com/anurag-roy/bubbletable/examples/headless/main.go:164.24,166.5 1 0
github.com/anurag-roy/bubbletable/examples/headless/main.go:166.10,168.5 1 0
github.com/anurag-roy/bubbletable/examples/headless/main.go:171.3,178.46 2 0
github.com/anurag-roy/bubbletable/examples/headless/main.go:180.2,185.38 4 0
github.com/anurag-roy/bubbletable/examples/headless/main.go:185.38,189.41 3 0
github.com/anurag-roy/bubbletable/examples/headless/main.go:189.41,190.40 1 0
github.com/anurag-roy/bubbletable/examples/headless/main.go:190.40,191.13 1 0
github.com/anurag-roy/bubbletable/examples/headless/main.go:194.4,201.18 4 0
github.com/anurag-roy/bubbletable/examples/headless/main.go:201.18,206.5 1 0
github.com/anurag-roy/bubbletable/examples/headless/main.go:206.10,209.5 1 0
github.com/anurag-roy/bubbletable/examples/headless/main.go:211.4,211.43 1 0
github.com/anurag-roy/bubbletable/examples/headless/main.go:214.3,215.22 2 0
github.com/anurag-roy/bubbletable/examples/headless/main.go:219.2,228.25 5 0
github.com/anurag-roy/bubbletable/examples/headless/main.go:228.25,230.23 2 0
github.com/anurag-roy/bubbletable/examples/headless/main.go:230.23,232.4 1 0
github.com/anurag-roy/bubbletable/examples/headless/main.go:233.3,234.52 1 0
github.com/anurag-roy/bubbletable/examples/headless/main.go:237.2,239.19 2 0
github.com/anurag-roy/bubbletable/examples/headless/main.go:242.13,245.35 3 0
github.com/anurag-roy/bubbletable/examples/headless/main.go:245.35,247.3 1 0
github.com/anurag-roy/bubbletable/table/data.go:46.44,58.2 1 1
github.com/anurag-roy/bubbletable/table/data.go:61.54,64.2 2 1
github.com/anurag-roy/bubbletable/table/data.go:67.47,70.2 2 1
github.com/anurag-roy/bubbletable/table/data.go:73.54,76.2 2 1
github.com/anurag-roy/bubbletable/table/data.go:79.58,82.2 2 1
github.com/anurag-roy/bubbletable/table/data.go:85.61,88.2 2 1
github.com/anurag-roy/bubbletable/table/data.go:91.62,94.2 2 0
github.com/anurag-roy/bubbletable/table/data.go:97.58,100.2 2 0
github.com/anurag-roy/bubbletable/table/data.go:128.19,139.2 1 1
github.com/anurag-roy/bubbletable/table/data.go:142.46,146.2 3 1
github.com/anurag-roy/bubbletable/table/data.go:149.54,152.2 2 0
github.com/anurag-roy/bubbletable/table/data.go:155.51,158.2 2 1
github.com/anurag-roy/bubbletable/table/data.go:161.51,164.2 2 1
github.com/anurag-roy/bubbletable/table/data.go:167.49,169.31 2 1
github.com/anurag-roy/bubbletable/table/data.go:169.31,171.3 1 1
github.com/anurag-roy/bubbletable/table/data.go:174.2,180.40 5 1
github.com/anurag-roy/bubbletable/table/data.go:180.40,183.17 3 1
github.com/anurag-roy/bubbletable/table/data.go:183.17,185.4 1 0
github.com/anurag-roy/bubbletable/table/data.go:186.3,186.22 1 1
github.com/anurag-roy/bubbletable/table/data.go:190.2,190.31 1 1
github.com/anurag-roy/bubbletable/table/data.go:190.31,195.17 4 1
github.com/anurag-roy/bubbletable/table/data.go:195.17,197.4 1 0
github.com/anurag-roy/bubbletable/table/data.go:200.2,200.12 1 1
github.com/anurag-roy/bubbletable/table/data.go:204.64,207.32 2 1
github.com/anurag-roy/bubbletable/table/data.go:207.32,211.26 3 1
github.com/anurag-roy/bubbletable/table/data.go:211.26,214.4 1 0
github.com/anurag-roy/bubbletable/table/data.go:214.9,217.18 2 1
github.com/anurag-roy/bubbletable/table/data.go:217.18,219.5 1 0
github.com/anurag-roy/bubbletable/table/data.go:222.3,225.4 1 1
github.com/anurag-roy/bubbletable/table/data.go:228.2,238.12 5 1
github.com/anurag-roy/bubbletable/table/data.go:242.89,246.29 2 1
github.com/anurag-roy/bubbletable/table/data.go:246.29,248.25 2 1
github.com/anurag-roy/bubbletable/table/data.go:248.25,250.4 1 1
github.com/anurag-roy/bubbletable/table/data.go:251.3,251.57 1 0
github.com/anurag-roy/bubbletable/table/data.go:255.2,255.29 1 1
github.com/anurag-roy/bubbletable/table/data.go:255.29,257.3 1 0
github.com/anurag-roy/bubbletable/table/data.go:258.2,258.32 1 1
github.com/anurag-roy/bubbletable/table/data.go:258.32,260.22 2 1
github.com/anurag-roy/bubbletable/table/data.go:260.22,262.4 1 1
github.com/anurag-roy/bubbletable/table/data.go:265.3,266.37 2 0
github.com/anurag-roy/bubbletable/table/data.go:266.37,268.46 2 0
github.com/anurag-roy/bubbletable/table/data.go:268.46,270.5 1 0
github.com/anurag-roy/bubbletable/table/data.go:273.3,273.62 1 0
github.com/anurag-roy/bubbletable/table/data.go:276.2,276.67 1 0
github.com/anurag-roy/bubbletable/table/data.go:280.76,282.29 2 1
github.com/anurag-roy/bubbletable/table/data.go:282.29,284.3 1 0
github.com/anurag-roy/bubbletable/table/data.go:286.2,286.29 1 1
github.com/anurag-roy/bubbletable/table/data.go:286.29,288.3 1 0
github.com/anurag-roy/bubbletable/table/data.go:290.2,290.32 1 1
github.com/anurag-roy/bubbletable/table/data.go:290.32,292.3 1 0
github.com/anurag-roy/bubbletable/table/data.go:294.2,297.45 3 1
github.com/anurag-roy/bubbletable/table/data.go:297.45,301.26 2 1
github.com/anurag-roy/bubbletable/table/data.go:301.26,302.12 1 0
github.com/anurag-roy/bubbletable/table/data.go:305.3,314.47 2 1
github.com/anurag-roy/bubbletable/table/data.go:314.47,316.4 1 1
github.com/anurag-roy/bubbletable/table/data.go:319.3,324.33 3 1
github.com/anurag-roy/bubbletable/table/data.go:327.2,327.21 1 1
github.com/anurag-roy/bubbletable/table/data.go:331.73,333.29 2 0
github.com/anurag-roy/bubbletable/table/data.go:333.29,335.3 1 0
github.com/anurag-roy/bubbletable/table/data.go:337.2,338.34 2 0
github.com/anurag-roy/bubbletable/table/data.go:338.34,353.3 5 0
github.com/anurag-roy/bubbletable/table/data.go:355.2,355.21 1 0
github.com/anurag-roy/bubbletable/table/data.go:359.63,363.38 2 1
github.com/anurag-roy/bubbletable/table/data.go:363.38,365.3 1 1
github.com/anurag-roy/bubbletable/table/data.go:368.2,368.34 1 1
github.com/anurag-roy/bubbletable/table/data.go:368.34,371.10 2 1
github.com/anurag-roy/bubbletable/table/data.go:372.27,373.23 1 1
github.com/anurag-roy/bubbletable/table/data.go:374.28,375.24 1 1
github.com/anurag-roy/bubbletable/table/data.go:376.29,377.25 1 0
github.com/anurag-roy/bubbletable/table/data.go:378.30,379.26 1 0
github.com/anurag-roy/bubbletable/table/data.go:380.42,381.82 1 1
github.com/anurag-roy/bubbletable/table/data.go:381.82,383.5 1 1
github.com/anurag-roy/bubbletable/table/data.go:384.43,386.48 2 1
github.com/anurag-roy/bubbletable/table/data.go:390.2,390.12 1 1
github.com/anurag-roy/bubbletable/table/data.go:394.61,395.23 1 1
github.com/anurag-roy/bubbletable/table/data.go:397.79,398.17 1 1
github.com/anurag-roy/bubbletable/table/data.go:399.40,400.15 1 1
github.com/anurag-roy/bubbletable/table/data.go:401.20,402.17 1 1
github.com/anurag-roy/bubbletable/table/data.go:403.22,404.16 1 1
github.com/anurag-roy/bubbletable/table/data.go:405.10,407.44 1 0
github.com/anurag-roy/bubbletable/table/data.go:407.44,409.4 1 0
github.com/anurag-roy/bubbletable/table/data.go:410.3,410.16 1 0
github.com/anurag-roy/bubbletable/table/data.go:415.56,416.18 1 1
github.com/anurag-roy/bubbletable/table/data.go:417.15,418.11 1 1
github.com/anurag-roy/bubbletable/table/data.go:419.13,420.12 1 1
github.com/anurag-roy/bubbletable/table/data.go:421.15,422.11 1 1
github.com/anurag-roy/bubbletable/table/data.go:423.12,424.12 1 0
github.com/anurag-roy/bubbletable/table/data.go:425.10,426.12 1 1
github.com/anurag-roy/bubbletable/table/data.go:431.59,432.14 1 1
github.com/anurag-roy/bubbletable/table/data.go:433.18,434.27 1 1
github.com/anurag-roy/bubbletable/table/data.go:435.14,436.23 1 1
github.com/anurag-roy/bubbletable/table/data.go:437.17,438.26 1 0
github.com/anurag-roy/bubbletable/table/data.go:439.10,440.26 1 0
github.com/anurag-roy/bubbletable/table/data.go:445.53,446.35 1 0
github.com/anurag-roy/bubbletable/table/data.go:446.35,448.3 1 0
github.com/anurag-roy/bubbletable/table/data.go:450.2,451.31 2 0
github.com/anurag-roy/bubbletable/table/data.go:451.31,456.3 1 0
github.com/anurag-roy/bubbletable/table/data.go:458.2,467.12 5 0
github.com/anurag-roy/bubbletable/table/data.go:471.44,475.26 3 1
github.com/anurag-roy/bubbletable/table/data.go:475.26,477.3 1 1
github.com/anurag-roy/bubbletable/table/data.go:479.2,479.23 1 1
github.com/anurag-roy/bubbletable/table/data.go:479.23,481.3 1 1
github.com/anurag-roy/bubbletable/table/data.go:483.2,483.26 1 1
github.com/anurag-roy/bubbletable/table/data.go:487.37,488.21 1 1
github.com/anurag-roy/bubbletable/table/data.go:488.21,490.3 1 0
github.com/anurag-roy/bubbletable/table/data.go:491.2,491.22 1 1
github.com/anurag-roy/bubbletable/table/data.go:491.22,493.3 1 1
github.com/anurag-roy/bubbletable/table/data.go:494.2,494.52 1 1
github.com/anurag-roy/bubbletable/table/data.go:498.70,499.54 1 1
github.com/anurag-roy/bubbletable/table/data.go:499.54,501.3 1 1
github.com/anurag-roy/bubbletable/table/data.go:503.2,503.38 1 1
github.com/anurag-roy/bubbletable/table/data.go:503.38,505.3 1 0
github.com/anurag-roy/bubbletable/table/data.go:507.2,510.41 3 1
github.com/anurag-roy/bubbletable/table/data.go:510.41,515.17 4 1
github.com/anurag-roy/bubbletable/table/data.go:515.17,517.4 1 1
github.com/anurag-roy/bubbletable/table/data.go:518.3,518.20 1 1
github.com/anurag-roy/bubbletable/table/data.go:521.2,521.12 1 1
github.com/anurag-roy/bubbletable/table/data.go:525.29,531.2 4 1
github.com/anurag-roy/bubbletable/table/data.go:534.50,535.22 1 1
github.com/anurag-roy/bubbletable/table/data.go:535.22,537.3 1 0
github.com/anurag-roy/bubbletable/table/data.go:539.2,543.29 4 1
github.com/anurag-roy/bubbletable/table/data.go:543.29,544.42 1 1
github.com/anurag-roy/bubbletable/table/data.go:544.42,548.4 3 1
github.com/anurag-roy/bubbletable/table/data.go:552.2,555.17 3 1
github.com/anurag-roy/bubbletable/table/data.go:559.67,560.33 1 1
github.com/anurag-roy/bubbletable/table/data.go:560.33,561.52 1 1
github.com/anurag-roy/bubbletable/table/data.go:561.52,563.45 2 1
github.com/anurag-roy/bubbletable/table/data.go:563.45,565.5 1 1
github.com/anurag-roy/bubbletable/table/data.go:568.2,568.14 1 1
github.com/anurag-roy/bubbletable/table/data.go:572.68,573.77 1 1
github.com/anurag-roy/bubbletable/table/data.go:573.77,575.3 1 1
github.com/anurag-roy/bubbletable/table/data.go:576.2,576.37 1 0
github.com/anurag-roy/bubbletable/table/data.go:580.64,581.45 1 0
github.com/anurag-roy/bubbletable/table/data.go:581.45,583.3 1 0
github.com/anurag-roy/bubbletable/table/data.go:584.2,584.54 1 0
github.com/anurag-roy/bubbletable/table/data.go:584.54,586.3 1 0
github.com/anurag-roy/bubbletable/table/data.go:588.2,589.45 2 0
github.com/anurag-roy/bubbletable/table/data.go:593.43,595.32 2 0
github.com/anurag-roy/bubbletable/table/data.go:595.32,597.3 1 0
github.com/anurag-roy/bubbletable/table/data.go:598.2,598.14 1 0
github.com/anurag-roy/bubbletable/table/data.go:602.34,603.16 1 1
github.com/anurag-roy/bubbletable/table/data.go:604.14,607.71 3 1
github.com/anurag-roy/bubbletable/table/data.go:609.15,612.21 3 1
github.com/anurag-roy/bubbletable/table/data.go:614.13,617.22 3 1
github.com/anurag-roy/bubbletable/table/data.go:617.22,619.4 1 1
github.com/anurag-roy/bubbletable/table/data.go:619.9,619.29 1 0
github.com/anurag-roy/bubbletable/table/data.go:619.29,621.4 1 0
github.com/anurag-roy/bubbletable/table/data.go:622.3,622.11 1 0
github.com/anurag-roy/bubbletable/table/data.go:624.15,627.21 3 1
github.com/anurag-roy/bubbletable/table/data.go:627.21,629.4 1 0
github.com/anurag-roy/bubbletable/table/data.go:629.9,629.19 1 1
github.com/anurag-roy/bubbletable/table/data.go:629.19,631.4 1 1
github.com/anurag-roy/bubbletable/table/data.go:632.3,632.12 1 0
github.com/anurag-roy/bubbletable/table/data.go:634.12,637.33 3 0
github.com/anurag-roy/bubbletable/table/data.go:637.33,642.4 3 0
github.com/anurag-roy/bubbletable/table/data.go:643.3,643.26 1 0
github.com/anurag-roy/bubbletable/table/data.go:643.26,645.4 1 0
github.com/anurag-roy/bubbletable/table/data.go:645.9,645.32 1 0
github.com/anurag-roy/bubbletable/table/data.go:645.32,647.4 1 0
github.com/anurag-roy/bubbletable/table/data.go:648.3,648.11 1 0
github.com/anurag-roy/bubbletable/table/data.go:650.10,653.71 3 0
github.com/anurag-roy/bubbletable/table/data.go:658.54,670.33 3 0
github.com/anurag-roy/bubbletable/table/data.go:670.33,671.52 1 0
github.com/anurag-roy/bubbletable/table/data.go:671.52,673.4 1 0
github.com/anurag-roy/bubbletable/table/data.go:676.2,676.65 1 0
github.com/anurag-roy/bubbletable/table/formatters.go:9.49,10.18 1 1
github.com/anurag-roy/bubbletable/table/formatters.go:10.18,12.3 1 1
github.com/anurag-roy/bubbletable/table/formatters.go:14.2,14.27 1 1
github.com/anurag-roy/bubbletable/table/formatters.go:15.14,16.11 1 1
github.com/anurag-roy/bubbletable/table/formatters.go:17.12,18.8 1 1
github.com/anurag-roy/bubbletable/table/formatters.go:18.8,20.4 1 1
github.com/anurag-roy/bubbletable/table/formatters.go:21.3,21.17 1 1
github.com/anurag-roy/bubbletable/table/formatters.go:22.15,23.32 1 1
github.com/anurag-roy/bubbletable/table/formatters.go:24.15,25.32 1 1
github.com/anurag-roy/bubbletable/table/formatters.go:26.17,27.32 1 1
github.com/anurag-roy/bubbletable/table/formatters.go:28.10,29.34 1 1
github.com/anurag-roy/bubbletable/table/formatters.go:34.50,35.27 1 1
github.com/anurag-roy/bubbletable/table/formatters.go:36.15,37.33 1 1
github.com/anurag-roy/bubbletable/table/formatters.go:38.15,39.33 1 1
github.com/anurag-roy/bubbletable/table/formatters.go:40.11,41.34 1 1
github.com/anurag-roy/bubbletable/table/formatters.go:42.13,43.34 1 1
github.com/anurag-roy/bubbletable/table/formatters.go:44.10,46.49 1 1
github.com/anurag-roy/bubbletable/table/formatters.go:46.49,48.4 1 1
github.com/anurag-roy/bubbletable/table/formatters.go:49.3,49.17 1 0
github.com/anurag-roy/bubbletable/table/formatters.go:54.49,55.27 1 1
github.com/anurag-roy/bubbletable/table/formatters.go:56.15,57.38 1 1
github.com/anurag-roy/bubbletable/table/formatters.go:58.15,59.38 1 1
github.com/anurag-roy/bubbletable/table/formatters.go:60.10,61.36 1 1
github.com/anurag-roy/bubbletable/table/formatters.go:66.46,67.27 1 1
github.com/anurag-roy/bubbletable/table/formatters.go:68.17,69.32 1 1
github.com/anurag-roy/bubbletable/table/formatters.go:70.14,72.56 1 1
github.com/anurag-roy/bubbletable/table/formatters.go:72.56,74.4 1 1
github.com/anurag-roy/bubbletable/table/formatters.go:75.3,75.56 1 1
github.com/anurag-roy/bubbletable/table/formatters.go:75.56,77.4 1 1
github.com/anurag-roy/bubbletable/table/formatters.go:78.3,78.65 1 1
github.com/anurag-roy/bubbletable/table/formatters.go:78.65,80.4 1 1
github.com/anurag-roy/bubbletable/table/formatters.go:81.3,81.11 1 1
github.com/anurag-roy/bubbletable/table/formatters.go:82.10,83.34 1 1
github.com/anurag-roy/bubbletable/table/formatters.go:88.46,89.27 1 1
github.com/anurag-roy/bubbletable/table/formatters.go:90.17,91.41 1 1
github.com/anurag-roy/bubbletable/table/formatters.go:92.14,94.65 1 1
github.com/anurag-roy/bubbletable/table/formatters.go:94.65,96.4 1 1
github.com/anurag-roy/bubbletable/table/formatters.go:97.3,97.11 1 1
github.com/anurag-roy/bubbletable/table/formatters.go:98.10,99.34 1 1
github.com/anurag-roy/bubbletable/table/formatters.go:104.59,105.40 1 1
github.com/anurag-roy/bubbletable/table/formatters.go:105.40,106.28 1 1
github.com/anurag-roy/bubbletable/table/formatters.go:107.13,108.9 1 1
github.com/anurag-roy/bubbletable/table/formatters.go:108.9,110.5 1 1
github.com/anurag-roy/bubbletable/table/formatters.go:111.4,111.19 1 1
github.com/anurag-roy/bubbletable/table/formatters.go:112.15,113.45 1 1
github.com/anurag-roy/bubbletable/table/formatters.go:113.45,115.5 1 1
github.com/anurag-roy/bubbletable/table/formatters.go:116.4,116.19 1 1
github.com/anurag-roy/bubbletable/table/formatters.go:117.11,118.19 1 1
github.com/anurag-roy/bubbletable/table/formatters.go:124.58,125.27 1 1
github.com/anurag-roy/bubbletable/table/formatters.go:126.11,127.41 1 1
github.com/anurag-roy/bubbletable/table/formatters.go:128.13,129.41 1 1
github.com/anurag-roy/bubbletable/table/formatters.go:130.15,131.43 1 1
github.com/anurag-roy/bubbletable/table/formatters.go:132.15,133.43 1 1
github.com/anurag-roy/bubbletable/table/formatters.go:134.10,135.34 1 1
github.com/anurag-roy/bubbletable/table/formatters.go:140.33,141.17 1 1
github.com/anurag-roy/bubbletable/table/formatters.go:141.17,143.3 1 1
github.com/anurag-roy/bubbletable/table/formatters.go:146.2,147.17 2 1
github.com/anurag-roy/bubbletable/table/formatters.go:147.17,150.3 2 1
github.com/anurag-roy/bubbletable/table/formatters.go:152.2,155.33 3 1
github.com/anurag-roy/bubbletable/table/formatters.go:155.33,156.28 1 1
github.com/anurag-roy/bubbletable/table/formatters.go:156.28,158.4 1 1
github.com/anurag-roy/bubbletable/table/formatters.go:159.3,159.32 1 1
github.com/anurag-roy/bubbletable/table/formatters.go:162.2,162.14 1 1
github.com/anurag-roy/bubbletable/table/formatters.go:162.14,164.3 1 1
github.com/anurag-roy/bubbletable/table/formatters.go:165.2,165.23 1 1
github.com/anurag-roy/bubbletable/table/formatters.go:169.49,170.40 1 1
github.com/anurag-roy/bubbletable/table/formatters.go:170.40,172.28 2 1
github.com/anurag-roy/bubbletable/table/formatters.go:172.28,174.4 1 1
github.com/anurag-roy/bubbletable/table/formatters.go:175.3,175.21 1 1
github.com/anurag-roy/bubbletable/table/formatters.go:175.21,177.4 1 1
github.com/anurag-roy/bubbletable/table/formatters.go:178.3,178.35 1 1
github.com/anurag-roy/bubbletable/table/formatters.go:183.47,184.40 1 1
github.com/anurag-roy/bubbletable/table/formatters.go:184.40,186.3 1 1
github.com/anurag-roy/bubbletable/table/formatters.go:190.47,191.40 1 1
github.com/anurag-roy/bubbletable/table/formatters.go:191.40,193.3 1 1
github.com/anurag-roy/bubbletable/renderer/renderer.go:18.57,24.2 1 1
github.com/anurag-roy/bubbletable/renderer/renderer.go:27.79,33.2 1 1
github.com/anurag-roy/bubbletable/renderer/renderer.go:36.47,38.2 1 1
github.com/anurag-roy/bubbletable/renderer/renderer.go:41.55,44.2 2 1
github.com/anurag-roy/bubbletable/renderer/renderer.go:47.96,48.16 1 1
github.com/anurag-roy/bubbletable/renderer/renderer.go:48.16,50.3 1 1
github.com/anurag-roy/bubbletable/renderer/renderer.go:53.2,54.25 2 1
github.com/anurag-roy/bubbletable/renderer/renderer.go:54.25,56.3 1 0
github.com/anurag-roy/bubbletable/renderer/renderer.go:59.2,65.85 3 1
github.com/anurag-roy/bubbletable/renderer/renderer.go:65.85,70.22 3 1
github.com/anurag-roy/bubbletable/renderer/renderer.go:70.22,71.20 1 1
github.com/anurag-roy/bubbletable/renderer/renderer.go:71.20,73.5 1 1
github.com/anurag-roy/bubbletable/renderer/renderer.go:73.10,75.5 1 1
github.com/anurag-roy/bubbletable/renderer/renderer.go:79.3,80.26 2 1
github.com/anurag-roy/bubbletable/renderer/renderer.go:80.26,82.4 1 1
github.com/anurag-roy/bubbletable/renderer/renderer.go:85.3,86.39 2 1
github.com/anurag-roy/bubbletable/renderer/renderer.go:86.39,88.4 1 0
github.com/anurag-roy/bubbletable/renderer/renderer.go:91.3,92.26 2 1
github.com/anurag-roy/bubbletable/renderer/renderer.go:92.26,94.19 2 1
github.com/anurag-roy/bubbletable/renderer/renderer.go:94.19,96.5 1 1
github.com/anurag-roy/bubbletable/renderer/renderer.go:96.10,98.5 1 0
github.com/anurag-roy/bubbletable/renderer/renderer.go:101.3,101.61 1 1
github.com/anurag-roy/bubbletable/renderer/renderer.go:103.2,111.38 5 1
github.com/anurag-roy/bubbletable/renderer/renderer.go:111.38,114.91 2 1
github.com/anurag-roy/bubbletable/renderer/renderer.go:114.91,117.33 3 1
github.com/anurag-roy/bubbletable/renderer/renderer.go:117.33,122.5 3 1
github.com/anurag-roy/bubbletable/renderer/renderer.go:124.4,127.27 2 1
github.com/anurag-roy/bubbletable/renderer/renderer.go:127.27,130.5 2 1
github.com/anurag-roy/bubbletable/renderer/renderer.go:132.4,132.18 1 1
github.com/anurag-roy/bubbletable/renderer/renderer.go:132.18,134.5 1 1
github.com/anurag-roy/bubbletable/renderer/renderer.go:135.4,135.56 1 1
github.com/anurag-roy/bubbletable/renderer/renderer.go:138.3,138.41 1 1
github.com/anurag-roy/bubbletable/renderer/renderer.go:142.2,144.21 2 1
github.com/anurag-roy/bubbletable/renderer/renderer.go:148.107,149.23 1 1
github.com/anurag-roy/bubbletable/renderer/renderer.go:149.23,151.3 1 0
github.com/anurag-roy/bubbletable/renderer/renderer.go:153.2,161.35 5 1
github.com/anurag-roy/bubbletable/renderer/renderer.go:161.35,163.3 1 1
github.com/anurag-roy/bubbletable/renderer/renderer.go:166.2,170.26 3 1
github.com/anurag-roy/bubbletable/renderer/renderer.go:170.26,172.20 2 1
github.com/anurag-roy/bubbletable/renderer/renderer.go:172.20,174.4 1 1
github.com/anurag-roy/bubbletable/renderer/renderer.go:177.3,177.28 1 1
github.com/anurag-roy/bubbletable/renderer/renderer.go:177.28,179.4 1 0
github.com/anurag-roy/bubbletable/renderer/renderer.go:182.2,182.17 1 1
github.com/anurag-roy/bubbletable/renderer/renderer.go:186.115,188.30 2 1
github.com/anurag-roy/bubbletable/renderer/renderer.go:188.30,190.3 1 1
github.com/anurag-roy/bubbletable/renderer/renderer.go:191.2,191.35 1 1
github.com/anurag-roy/bubbletable/renderer/renderer.go:195.74,197.30 2 1
github.com/anurag-roy/bubbletable/renderer/renderer.go:197.30,200.3 2 1
github.com/anurag-roy/bubbletable/renderer/renderer.go:201.2,201.40 1 1
github.com/anurag-roy/bubbletable/renderer/renderer.go:205.84,206.16 1 0
github.com/anurag-roy/bubbletable/renderer/renderer.go:206.16,208.3 1 0
github.com/anurag-roy/bubbletable/renderer/renderer.go:210.2,218.54 5 0
github.com/anurag-roy/bubbletable/renderer/renderer.go:218.54,220.19 2 0
github.com/anurag-roy/bubbletable/renderer/renderer.go:220.19,222.4 1 0
github.com/anurag-roy/bubbletable/renderer/renderer.go:223.3,223.89 1 0
github.com/anurag-roy/bubbletable/renderer/renderer.go:226.2,226.38 1 0
github.com/anurag-roy/bubbletable/renderer/renderer.go:230.69,231.24 1 1
github.com/anurag-roy/bubbletable/renderer/renderer.go:231.24,233.3 1 1
github.com/anurag-roy/bubbletable/renderer/renderer.go:235.2,235.16 1 1
github.com/anurag-roy/bubbletable/renderer/renderer.go:235.16,237.3 1 1
github.com/anurag-roy/bubbletable/renderer/renderer.go:239.2,239.31 1 1
github.com/anurag-roy/bubbletable/renderer/renderer.go:243.50,248.24 3 1
github.com/anurag-roy/bubbletable/renderer/renderer.go:248.24,250.3 1 0
github.com/anurag-roy/bubbletable/renderer/renderer.go:252.2,252.23 1 1
github.com/anurag-roy/bubbletable/renderer/renderer.go:256.49,258.2 1 1
github.com/anurag-roy/bubbletable/renderer/renderer.go:261.48,263.2 1 0
github.com/anurag-roy/bubbletable/renderer/renderer.go:266.99,267.41 1 0
github.com/anurag-roy/bubbletable/renderer/renderer.go:267.41,269.3 1 0
github.com/anurag-roy/bubbletable/renderer/renderer.go:271.2,276.32 4 0
github.com/anurag-roy/bubbletable/renderer/renderer.go:276.32,278.3 1 0
github.com/anurag-roy/bubbletable/renderer/renderer.go:281.2,281.30 1 0
github.com/anurag-roy/bubbletable/renderer/renderer.go:281.30,285.35 2 0
github.com/anurag-roy/bubbletable/renderer/renderer.go:285.35,286.34 1 0
github.com/anurag-roy/bubbletable/renderer/renderer.go:286.34,288.34 2 0
github.com/anurag-roy/bubbletable/renderer/renderer.go:288.34,290.6 1 0
github.com/anurag-roy/bubbletable/renderer/renderer.go:295.3,295.19 1 0
github.com/anurag-roy/bubbletable/renderer/renderer.go:295.19,297.4 1 0
github.com/anurag-roy/bubbletable/renderer/renderer.go:298.3,298.20 1 0
github.com/anurag-roy/bubbletable/renderer/renderer.go:298.20,300.4 1 0
github.com/anurag-roy/bubbletable/renderer/renderer.go:302.3,302.30 1 0
github.com/anurag-roy/bubbletable/renderer/renderer.go:305.2,305.16 1 0
github.com/anurag-roy/bubbletable/renderer/themes.go:209.29,219.2 1 1
github.com/anurag-roy/bubbletable/renderer/themes.go:222.40,224.31 2 1
github.com/anurag-roy/bubbletable/renderer/themes.go:224.31,225.25 1 1
github.com/anurag-roy/bubbletable/renderer/themes.go:225.25,227.4 1 1
github.com/anurag-roy/bubbletable/renderer/themes.go:229.2,229.21 1 1
github.com/anurag-roy/bubbletable/renderer/themes.go:233.94,237.47 3 0
github.com/anurag-roy/bubbletable/renderer/themes.go:237.47,239.3 1 0
github.com/anurag-roy/bubbletable/renderer/themes.go:240.2,240.45 1 0
github.com/anurag-roy/bubbletable/renderer/themes.go:240.45,242.3 1 0
github.com/anurag-roy/bubbletable/renderer/themes.go:243.2,243.49 1 0
github.com/anurag-roy/bubbletable/renderer/themes.go:243.49,245.3 1 0
github.com/anurag-roy/bubbletable/renderer/themes.go:246.2,246.47 1 0
github.com/anurag-roy/bubbletable/renderer/themes.go:246.47,248.3 1 0
github.com/anurag-roy/bubbletable/renderer/themes.go:249.2,249.47 1 0
github.com/anurag-roy/bubbletable/renderer/themes.go:249.47,251.3 1 0
github.com/anurag-roy/bubbletable/renderer/themes.go:252.2,252.47 1 0
github.com/anurag-roy/bubbletable/renderer/themes.go:252.47,254.3 1 0
github.com/anurag-roy/bubbletable/renderer/themes.go:256.2,256.14 1 0
github.com/anurag-roy/bubbletable/components/keybindings.go:25.39,55.2 1 1
github.com/anurag-roy/bubbletable/components/keybindings.go:58.35,69.2 10 1
github.com/anurag-roy/bubbletable/components/keybindings.go:72.37,82.2 9 1
github.com/anurag-roy/bubbletable/components/keybindings.go:85.66,86.25 1 1
github.com/anurag-roy/bubbletable/components/keybindings.go:86.25,87.15 1 1
github.com/anurag-roy/bubbletable/components/keybindings.go:87.15,89.4 1 1
github.com/anurag-roy/bubbletable/components/keybindings.go:91.2,91.14 1 1
github.com/anurag-roy/bubbletable/components/keybindings.go:95.45,97.2 1 1
github.com/anurag-roy/bubbletable/components/keybindings.go:100.47,102.2 1 1
github.com/anurag-roy/bubbletable/components/keybindings.go:105.47,107.2 1 1
github.com/anurag-roy/bubbletable/components/keybindings.go:110.48,112.2 1 1
github.com/anurag-roy/bubbletable/components/keybindings.go:115.49,117.2 1 1
github.com/anurag-roy/bubbletable/components/keybindings.go:120.51,122.2 1 1
github.com/anurag-roy/bubbletable/components/keybindings.go:125.47,127.2 1 1
github.com/anurag-roy/bubbletable/components/keybindings.go:130.46,132.2 1 1
github.com/anurag-roy/bubbletable/components/keybindings.go:135.49,137.2 1 1
github.com/anurag-roy/bubbletable/components/keybindings.go:140.47,142.2 1 1
github.com/anurag-roy/bubbletable/components/keybindings.go:145.47,147.2 1 1
github.com/anurag-roy/bubbletable/components/keybindings.go:150.50,152.2 1 1
github.com/anurag-roy/bubbletable/components/keybindings.go:155.53,157.2 1 1
github.com/anurag-roy/bubbletable/components/keybindings.go:160.55,162.2 1 1
github.com/anurag-roy/bubbletable/components/keybindings.go:165.52,167.2 1 1
github.com/anurag-roy/bubbletable/components/keybindings.go:170.52,172.2 1 1
github.com/anurag-roy/bubbletable/components/keybindings.go:175.53,176.38 1 1
github.com/anurag-roy/bubbletable/components/keybindings.go:176.38,177.31 1 1
github.com/anurag-roy/bubbletable/components/keybindings.go:177.31,179.4 1 1
github.com/anurag-roy/bubbletable/components/keybindings.go:181.2,181.11 1 1
github.com/anurag-roy/bubbletable/components/model.go:43.44,46.28 2 1
github.com/anurag-roy/bubbletable/components/model.go:46.28,48.3 1 1
github.com/anurag-roy/bubbletable/components/model.go:50.2,50.45 1 1
github.com/anurag-roy/bubbletable/components/model.go:54.60,56.19 2 1
github.com/anurag-roy/bubbletable/components/model.go:56.19,58.3 1 1
github.com/anurag-roy/bubbletable/components/model.go:60.2,73.3 1 1
github.com/anurag-roy/bubbletable/components/model.go:77.93,82.28 3 1
github.com/anurag-roy/bubbletable/components/model.go:82.28,84.3 1 1
github.com/anurag-roy/bubbletable/components/model.go:86.2,101.3 2 1
github.com/anurag-roy/bubbletable/components/model.go:107.57,109.20 2 1
github.com/anurag-roy/bubbletable/components/model.go:109.20,111.3 1 1
github.com/anurag-roy/bubbletable/components/model.go:112.2,112.10 1 1
github.com/anurag-roy/bubbletable/components/model.go:116.66,118.23 2 1
github.com/anurag-roy/bubbletable/components/model.go:118.23,120.3 1 1
github.com/anurag-roy/bubbletable/components/model.go:121.2,121.10 1 1
github.com/anurag-roy/bubbletable/components/model.go:125.72,128.2 2 1
github.com/anurag-roy/bubbletable/components/model.go:131.60,132.20 1 1
github.com/anurag-roy/bubbletable/components/model.go:132.20,133.34 1 1
github.com/anurag-roy/bubbletable/components/model.go:133.34,135.4 1 1
github.com/anurag-roy/bubbletable/components/model.go:137.2,137.10 1 1
github.com/anurag-roy/bubbletable/components/model.go:141.59,142.20 1 1
github.com/anurag-roy/bubbletable/components/model.go:142.20,143.34 1 1
github.com/anurag-roy/bubbletable/components/model.go:143.34,145.4 1 1
github.com/anurag-roy/bubbletable/components/model.go:147.2,147.10 1 1
github.com/anurag-roy/bubbletable/components/model.go:151.77,154.2 2 1
github.com/anurag-roy/bubbletable/components/model.go:157.88,160.2 2 1
github.com/anurag-roy/bubbletable/components/model.go:163.75,166.2 2 1
github.com/anurag-roy/bubbletable/components/model.go:169.65,172.2 2 1
github.com/anurag-roy/bubbletable/components/model.go:177.37,179.2 1 1
github.com/anurag-roy/bubbletable/components/model.go:182.63,183.27 1 1
github.com/anurag-roy/bubbletable/components/model.go:184.25,189.24 4 1
github.com/anurag-roy/bubbletable/components/model.go:189.24,191.4 1 1
github.com/anurag-roy/bubbletable/components/model.go:194.3,194.23 1 1
github.com/anurag-roy/bubbletable/components/model.go:194.23,197.22 3 1
github.com/anurag-roy/bubbletable/components/model.go:197.22,199.5 1 1
github.com/anurag-roy/bubbletable/components/model.go:202.3,202.16 1 1
github.com/anurag-roy/bubbletable/components/model.go:204.18,205.31 1 1
github.com/anurag-roy/bubbletable/components/model.go:208.2,208.15 1 0
github.com/anurag-roy/bubbletable/components/model.go:212.74,216.18 2 1
github.com/anurag-roy/bubbletable/components/model.go:216.18,218.3 1 1
github.com/anurag-roy/bubbletable/components/model.go:221.2,221.9 1 1
github.com/anurag-roy/bubbletable/components/model.go:222.33,223.21 1 0
github.com/anurag-roy/bubbletable/components/model.go:225.31,226.24 1 0
github.com/anurag-roy/bubbletable/components/model.go:226.24,228.4 1 0
github.com/anurag-roy/bubbletable/components/model.go:230.33,232.26 2 0
github.com/anurag-roy/bubbletable/components/model.go:232.26,234.39 2 0
github.com/anurag-roy/bubbletable/components/model.go:234.39,236.5 1 0
github.com/anurag-roy/bubbletable/components/model.go:239.64,240.24 1 1
github.com/anurag-roy/bubbletable/components/model.go:240.24,243.4 2 1
github.com/anurag-roy/bubbletable/components/model.go:245.67,247.76 2 1
github.com/anurag-roy/bubbletable/components/model.go:247.76,250.4 2 1
github.com/anurag-roy/bubbletable/components/model.go:252.33,254.20 2 0
github.com/anurag-roy/bubbletable/components/model.go:256.32,258.26 2 0
github.com/anurag-roy/bubbletable/components/model.go:258.26,261.4 2 0
github.com/anurag-roy/bubbletable/components/model.go:263.35,265.20 2 1
github.com/anurag-roy/bubbletable/components/model.go:267.39,268.35 1 0
github.com/anurag-roy/bubbletable/components/model.go:270.41,272.18 2 0
github.com/anurag-roy/bubbletable/components/model.go:272.18,274.4 1 0
github.com/anurag-roy/bubbletable/components/model.go:275.3,275.28 1 0
github.com/anurag-roy/bubbletable/components/model.go:277.38,278.24 1 0
github.com/anurag-roy/bubbletable/components/model.go:278.24,281.4 2 0
github.com/anurag-roy/bubbletable/components/model.go:283.38,284.21 1 0
github.com/anurag-roy/bubbletable/components/model.go:284.21,288.4 3 0
github.com/anurag-roy/bubbletable/components/model.go:290.33,291.27 1 0
github.com/anurag-roy/bubbletable/components/model.go:293.36,294.25 1 0
github.com/anurag-roy/bubbletable/components/model.go:294.25,296.4 1 0
github.com/anurag-roy/bubbletable/components/model.go:298.10,300.84 1 1
github.com/anurag-roy/bubbletable/components/model.go:300.84,301.39 1 1
github.com/anurag-roy/bubbletable/components/model.go:301.39,303.35 1 1
github.com/anurag-roy/bubbletable/components/model.go:303.35,304.27 1 0
github.com/anurag-roy/bubbletable/components/model.go:304.27,306.7 1 0
github.com/anurag-roy/bubbletable/components/model.go:306.12,308.7 1 0
github.com/anurag-roy/bubbletable/components/model.go:309.11,311.6 1 1
github.com/anurag-roy/bubbletable/components/model.go:313.5,316.24 3 1
github.com/anurag-roy/bubbletable/components/model.go:316.24,318.6 1 0
github.com/anurag-roy/bubbletable/components/model.go:324.2,324.23 1 1
github.com/anurag-roy/bubbletable/components/model.go:324.23,326.26 2 0
github.com/anurag-roy/bubbletable/components/model.go:326.26,328.37 2 0
github.com/anurag-roy/bubbletable/components/model.go:328.37,330.5 1 0
github.com/anurag-roy/bubbletable/components/model.go:334.2,334.15 1 1
github.com/anurag-roy/bubbletable/components/model.go:338.73,339.13 1 1
github.com/anurag-roy/bubbletable/components/model.go:340.13,345.20 5 0
github.com/anurag-roy/bubbletable/components/model.go:347.19,348.28 1 0
github.com/anurag-roy/bubbletable/components/model.go:348.28,351.4 2 0
github.com/anurag-roy/bubbletable/components/model.go:353.15,354.23 1 1
github.com/anurag-roy/bubbletable/components/model.go:356.10,358.20 1 1
github.com/anurag-roy/bubbletable/components/model.go:358.20,360.33 2 1
github.com/anurag-roy/bubbletable/components/model.go:360.33,363.5 2 1
github.com/anurag-roy/bubbletable/components/model.go:367.2,367.15 1 1
github.com/anurag-roy/bubbletable/components/model.go:371.37,372.20 1 1
github.com/anurag-roy/bubbletable/components/model.go:372.20,374.3 1 0
github.com/anurag-roy/bubbletable/components/model.go:376.2,376.24 1 1
github.com/anurag-roy/bubbletable/components/model.go:376.24,378.3 1 0
github.com/anurag-roy/bubbletable/components/model.go:378.8,380.3 1 1
github.com/anurag-roy/bubbletable/components/model.go:382.2,385.23 3 1
github.com/anurag-roy/bubbletable/components/model.go:385.23,387.3 1 0
github.com/anurag-roy/bubbletable/components/model.go:391.50,393.20 2 0
github.com/anurag-roy/bubbletable/components/model.go:393.20,395.3 1 0
github.com/anurag-roy/bubbletable/components/model.go:396.2,396.28 1 0
github.com/anurag-roy/bubbletable/components/model.go:396.28,398.3 1 0
github.com/anurag-roy/bubbletable/components/model.go:401.2,402.19 2 0
github.com/anurag-roy/bubbletable/components/model.go:406.53,407.28 1 1
github.com/anurag-roy/bubbletable/components/model.go:407.28,409.3 1 0
github.com/anurag-roy/bubbletable/components/model.go:410.2,410.16 1 1
github.com/anurag-roy/bubbletable/components/model.go:414.36,415.14 1 1
github.com/anurag-roy/bubbletable/components/model.go:415.14,417.3 1 1
github.com/anurag-roy/bubbletable/components/model.go:419.2,419.16 1 1
github.com/anurag-roy/bubbletable/components/model.go:419.16,421.3 1 0
github.com/anurag-roy/bubbletable/components/model.go:423.2,431.46 5 1
github.com/anurag-roy/bubbletable/components/model.go:431.46,434.3 2 1
github.com/anurag-roy/bubbletable/components/model.go:434.8,436.3 1 0
github.com/anurag-roy/bubbletable/components/model.go:438.2,444.18 3 1
github.com/anurag-roy/bubbletable/components/model.go:444.18,448.3 3 0
github.com/anurag-roy/bubbletable/components/model.go:450.2,450.25 1 1
github.com/anurag-roy/bubbletable/components/model.go:454.47,456.25 2 1
github.com/anurag-roy/bubbletable/components/model.go:456.25,458.3 1 0
github.com/anurag-roy/bubbletable/components/model.go:460.2,465.24 5 1
github.com/anurag-roy/bubbletable/components/model.go:465.24,468.3 2 1
github.com/anurag-roy/bubbletable/components/model.go:470.2,474.81 2 1
github.com/anurag-roy/bubbletable/components/model.go:474.81,476.28 2 0
github.com/anurag-roy/bubbletable/components/model.go:476.28,478.4 1 0
github.com/anurag-roy/bubbletable/components/model.go:479.3,479.101 1 0
github.com/anurag-roy/bubbletable/components/model.go:483.2,483.24 1 1
github.com/anurag-roy/bubbletable/components/model.go:483.24,485.3 1 0
github.com/anurag-roy/bubbletable/components/model.go:487.2,487.38 1 1
github.com/anurag-roy/bubbletable/components/model.go:491.42,525.2 2 0
github.com/anurag-roy/bubbletable/components/model.go:528.46,530.2 1 1
github.com/anurag-roy/bubbletable/components/model.go:533.53,535.2 1 1
github.com/anurag-roy/bubbletable/components/model.go:538.57,540.25 2 1
github.com/anurag-roy/bubbletable/components/model.go:540.25,542.3 1 0
github.com/anurag-roy/bubbletable/components/model.go:544.2,545.36 2 1
github.com/anurag-roy/bubbletable/components/model.go:545.36,547.3 1 1
github.com/anurag-roy/bubbletable/components/model.go:549.2,549.38 1 1
github.com/anurag-roy/bubbletable/components/model.go:553.54,554.20 1 1
github.com/anurag-roy/bubbletable/components/model.go:554.20,556.3 1 0
github.com/anurag-roy/bubbletable/components/model.go:559.2,564.30 5 1
github.com/anurag-roy/bubbletable/components/model.go:568.58,576.16 5 1
github.com/anurag-roy/bubbletable/components/model.go:576.16,578.3 1 0
github.com/anurag-roy/bubbletable/components/model.go:581.2,581.20 1 1
github.com/anurag-roy/bubbletable/components/model.go:581.20,583.29 2 1
github.com/anurag-roy/bubbletable/components/model.go:583.29,585.4 1 1
github.com/anurag-roy/bubbletable/components/model.go:587.3,588.34 2 1
github.com/anurag-roy/bubbletable/components/model.go:588.34,590.4 1 1
github.com/anurag-roy/bubbletable/components/model.go:593.3,593.23 1 1
github.com/anurag-roy/bubbletable/components/model.go:593.23,596.4 2 0
github.com/anurag-roy/bubbletable/components/model.go:599.2,599.12 1 1
